<html>
<head>
<title>TestNG:  DS Algo Test</title>
<link href="../testng.css" rel="stylesheet" type="text/css" />
<link href="../my-testng.css" rel="stylesheet" type="text/css" />

<style type="text/css">
.log { display: none;} 
.stack-trace { display: none;} 
</style>
<script type="text/javascript">
<!--
function flip(e) {
  current = e.style.display;
  if (current == 'block') {
    e.style.display = 'none';
    return 0;
  }
  else {
    e.style.display = 'block';
    return 1;
  }
}

function toggleBox(szDivId, elem, msg1, msg2)
{
  var res = -1;  if (document.getElementById) {
    res = flip(document.getElementById(szDivId));
  }
  else if (document.all) {
    // this is the way old msie versions work
    res = flip(document.all[szDivId]);
  }
  if(elem) {
    if(res == 0) elem.innerHTML = msg1; else elem.innerHTML = msg2;
  }

}

function toggleAllBoxes() {
  if (document.getElementsByTagName) {
    d = document.getElementsByTagName('div');
    for (i = 0; i < d.length; i++) {
      if (d[i].className == 'log') {
        flip(d[i]);
      }
    }
  }
}

// -->
</script>

</head>
<body>
<h2 align='center'>DS Algo Test</h2><table border='1' align="center">
<tr>
<td>Tests passed/Failed/Skipped:</td><td>29/4/0</td>
</tr><tr>
<td>Started on:</td><td>Fri Sep 16 15:03:21 CDT 2022</td>
</tr>
<tr><td>Total time:</td><td>161 seconds (161741 ms)</td>
</tr><tr>
<td>Included groups:</td><td></td>
</tr><tr>
<td>Excluded groups:</td><td></td>
</tr>
</table><p/>
<small><i>(Hover the method name to see the test class name)</i></small><p/>
<table width='100%' border='1' class='invocation-failed'>
<tr><td colspan='4' align='center'><b>FAILED TESTS</b></td></tr>
<tr><td><b>Test method</b></td>
<td width="30%"><b>Exception</b></td>
<td width="10%"><b>Time (seconds)</b></td>
<td><b>Instance</b></td>
</tr>
<tr>
<td title='com.dsalgo.testcases.RegisterTest.registerUser_With_invalidDetails_With_Onlynumbersin_Passwd()'><b>registerUser_With_invalidDetails_With_Onlynumbersin_Passwd</b><br>Test class: com.dsalgo.testcases.RegisterTest</td>
<td><div><pre>java.lang.AssertionError: Register user worked without mandatory fields expected [2] but found [3]
	at com.dsalgo.testcases.RegisterTest.registerUser_With_invalidDetails_With_Onlynumbersin_Passwd(RegisterTest.java:105)
	at java.util.ArrayList.forEach(ArrayList.java:1259)
... Removed 32 stack frames</pre></div><a href='#' onClick='toggleBox("stack-trace295466076", this, "Click to show all stack frames", "Click to hide stack frames")'>Click to show all stack frames</a>
<div class='stack-trace' id='stack-trace295466076'><pre>java.lang.AssertionError: Register user worked without mandatory fields expected [2] but found [3]
	at org.testng.Assert.fail(Assert.java:99)
	at org.testng.Assert.failNotEquals(Assert.java:1037)
	at org.testng.Assert.assertEqualsImpl(Assert.java:140)
	at org.testng.Assert.assertEquals(Assert.java:122)
	at org.testng.Assert.assertEquals(Assert.java:907)
	at com.dsalgo.testcases.RegisterTest.registerUser_With_invalidDetails_With_Onlynumbersin_Passwd(RegisterTest.java:105)
	at sun.reflect.NativeMethodAccessorImpl.invoke0(Native Method)
	at sun.reflect.NativeMethodAccessorImpl.invoke(NativeMethodAccessorImpl.java:62)
	at sun.reflect.DelegatingMethodAccessorImpl.invoke(DelegatingMethodAccessorImpl.java:43)
	at java.lang.reflect.Method.invoke(Method.java:498)
	at org.testng.internal.MethodInvocationHelper.invokeMethod(MethodInvocationHelper.java:133)
	at org.testng.internal.TestInvoker.invokeMethod(TestInvoker.java:598)
	at org.testng.internal.TestInvoker.invokeTestMethod(TestInvoker.java:173)
	at org.testng.internal.MethodRunner.runInSequence(MethodRunner.java:46)
	at org.testng.internal.TestInvoker$MethodInvocationAgent.invoke(TestInvoker.java:824)
	at org.testng.internal.TestInvoker.invokeTestMethods(TestInvoker.java:146)
	at org.testng.internal.TestMethodWorker.invokeTestMethods(TestMethodWorker.java:146)
	at org.testng.internal.TestMethodWorker.run(TestMethodWorker.java:128)
	at java.util.ArrayList.forEach(ArrayList.java:1259)
	at org.testng.TestRunner.privateRun(TestRunner.java:794)
	at org.testng.TestRunner.run(TestRunner.java:596)
	at org.testng.SuiteRunner.runTest(SuiteRunner.java:377)
	at org.testng.SuiteRunner.runSequentially(SuiteRunner.java:371)
	at org.testng.SuiteRunner.privateRun(SuiteRunner.java:332)
	at org.testng.SuiteRunner.run(SuiteRunner.java:276)
	at org.testng.SuiteRunnerWorker.runSuite(SuiteRunnerWorker.java:53)
	at org.testng.SuiteRunnerWorker.run(SuiteRunnerWorker.java:96)
	at org.testng.TestNG.runSuitesSequentially(TestNG.java:1212)
	at org.testng.TestNG.runSuitesLocally(TestNG.java:1134)
	at org.testng.TestNG.runSuites(TestNG.java:1063)
	at org.testng.TestNG.run(TestNG.java:1031)
	at org.testng.remote.AbstractRemoteTestNG.run(AbstractRemoteTestNG.java:115)
	at org.testng.remote.RemoteTestNG.initAndRun(RemoteTestNG.java:251)
	at org.testng.remote.RemoteTestNG.main(RemoteTestNG.java:77)
</pre></div></td>
<td>4</td>
<td>com.dsalgo.testcases.RegisterTest@498d318c</td></tr>
<tr>
<td title='com.dsalgo.testcases.HomeTest.getPaneCountTest()'><b>getPaneCountTest</b><br>Test class: com.dsalgo.testcases.HomeTest</td>
<td><div><pre>java.lang.NoSuchMethodError: org.testng.Assert.assertEquals(ILjava/lang/Integer;)V
	at com.dsalgo.testcases.HomeTest.getPaneCountTest(HomeTest.java:39)
	at java.util.ArrayList.forEach(ArrayList.java:1259)
... Removed 27 stack frames</pre></div><a href='#' onClick='toggleBox("stack-trace476973576", this, "Click to show all stack frames", "Click to hide stack frames")'>Click to show all stack frames</a>
<div class='stack-trace' id='stack-trace476973576'><pre>java.lang.NoSuchMethodError: org.testng.Assert.assertEquals(ILjava/lang/Integer;)V
	at com.dsalgo.testcases.HomeTest.getPaneCountTest(HomeTest.java:39)
	at sun.reflect.NativeMethodAccessorImpl.invoke0(Native Method)
	at sun.reflect.NativeMethodAccessorImpl.invoke(NativeMethodAccessorImpl.java:62)
	at sun.reflect.DelegatingMethodAccessorImpl.invoke(DelegatingMethodAccessorImpl.java:43)
	at java.lang.reflect.Method.invoke(Method.java:498)
	at org.testng.internal.MethodInvocationHelper.invokeMethod(MethodInvocationHelper.java:133)
	at org.testng.internal.TestInvoker.invokeMethod(TestInvoker.java:598)
	at org.testng.internal.TestInvoker.invokeTestMethod(TestInvoker.java:173)
	at org.testng.internal.MethodRunner.runInSequence(MethodRunner.java:46)
	at org.testng.internal.TestInvoker$MethodInvocationAgent.invoke(TestInvoker.java:824)
	at org.testng.internal.TestInvoker.invokeTestMethods(TestInvoker.java:146)
	at org.testng.internal.TestMethodWorker.invokeTestMethods(TestMethodWorker.java:146)
	at org.testng.internal.TestMethodWorker.run(TestMethodWorker.java:128)
	at java.util.ArrayList.forEach(ArrayList.java:1259)
	at org.testng.TestRunner.privateRun(TestRunner.java:794)
	at org.testng.TestRunner.run(TestRunner.java:596)
	at org.testng.SuiteRunner.runTest(SuiteRunner.java:377)
	at org.testng.SuiteRunner.runSequentially(SuiteRunner.java:371)
	at org.testng.SuiteRunner.privateRun(SuiteRunner.java:332)
	at org.testng.SuiteRunner.run(SuiteRunner.java:276)
	at org.testng.SuiteRunnerWorker.runSuite(SuiteRunnerWorker.java:53)
	at org.testng.SuiteRunnerWorker.run(SuiteRunnerWorker.java:96)
	at org.testng.TestNG.runSuitesSequentially(TestNG.java:1212)
	at org.testng.TestNG.runSuitesLocally(TestNG.java:1134)
	at org.testng.TestNG.runSuites(TestNG.java:1063)
	at org.testng.TestNG.run(TestNG.java:1031)
	at org.testng.remote.AbstractRemoteTestNG.run(AbstractRemoteTestNG.java:115)
	at org.testng.remote.RemoteTestNG.initAndRun(RemoteTestNG.java:251)
	at org.testng.remote.RemoteTestNG.main(RemoteTestNG.java:77)
</pre></div></td>
<td>2</td>
<td>com.dsalgo.testcases.HomeTest@479d31f3</td></tr>
<tr>
<td title='com.dsalgo.testcases.HomeTest.getDropDownListCountTest()'><b>getDropDownListCountTest</b><br>Test class: com.dsalgo.testcases.HomeTest</td>
<td><div><pre>java.lang.NoSuchMethodError: org.testng.Assert.assertEquals(ILjava/lang/Integer;Ljava/lang/String;)V
	at com.dsalgo.testcases.HomeTest.getDropDownListCountTest(HomeTest.java:46)
	at java.util.ArrayList.forEach(ArrayList.java:1259)
... Removed 27 stack frames</pre></div><a href='#' onClick='toggleBox("stack-trace669200356", this, "Click to show all stack frames", "Click to hide stack frames")'>Click to show all stack frames</a>
<div class='stack-trace' id='stack-trace669200356'><pre>java.lang.NoSuchMethodError: org.testng.Assert.assertEquals(ILjava/lang/Integer;Ljava/lang/String;)V
	at com.dsalgo.testcases.HomeTest.getDropDownListCountTest(HomeTest.java:46)
	at sun.reflect.NativeMethodAccessorImpl.invoke0(Native Method)
	at sun.reflect.NativeMethodAccessorImpl.invoke(NativeMethodAccessorImpl.java:62)
	at sun.reflect.DelegatingMethodAccessorImpl.invoke(DelegatingMethodAccessorImpl.java:43)
	at java.lang.reflect.Method.invoke(Method.java:498)
	at org.testng.internal.MethodInvocationHelper.invokeMethod(MethodInvocationHelper.java:133)
	at org.testng.internal.TestInvoker.invokeMethod(TestInvoker.java:598)
	at org.testng.internal.TestInvoker.invokeTestMethod(TestInvoker.java:173)
	at org.testng.internal.MethodRunner.runInSequence(MethodRunner.java:46)
	at org.testng.internal.TestInvoker$MethodInvocationAgent.invoke(TestInvoker.java:824)
	at org.testng.internal.TestInvoker.invokeTestMethods(TestInvoker.java:146)
	at org.testng.internal.TestMethodWorker.invokeTestMethods(TestMethodWorker.java:146)
	at org.testng.internal.TestMethodWorker.run(TestMethodWorker.java:128)
	at java.util.ArrayList.forEach(ArrayList.java:1259)
	at org.testng.TestRunner.privateRun(TestRunner.java:794)
	at org.testng.TestRunner.run(TestRunner.java:596)
	at org.testng.SuiteRunner.runTest(SuiteRunner.java:377)
	at org.testng.SuiteRunner.runSequentially(SuiteRunner.java:371)
	at org.testng.SuiteRunner.privateRun(SuiteRunner.java:332)
	at org.testng.SuiteRunner.run(SuiteRunner.java:276)
	at org.testng.SuiteRunnerWorker.runSuite(SuiteRunnerWorker.java:53)
	at org.testng.SuiteRunnerWorker.run(SuiteRunnerWorker.java:96)
	at org.testng.TestNG.runSuitesSequentially(TestNG.java:1212)
	at org.testng.TestNG.runSuitesLocally(TestNG.java:1134)
	at org.testng.TestNG.runSuites(TestNG.java:1063)
	at org.testng.TestNG.run(TestNG.java:1031)
	at org.testng.remote.AbstractRemoteTestNG.run(AbstractRemoteTestNG.java:115)
	at org.testng.remote.RemoteTestNG.initAndRun(RemoteTestNG.java:251)
	at org.testng.remote.RemoteTestNG.main(RemoteTestNG.java:77)
</pre></div></td>
<td>2</td>
<td>com.dsalgo.testcases.HomeTest@479d31f3</td></tr>
<tr>
<td title='com.dsalgo.testcases.LinkedListTest.click_createLinkedlist_Test()'><b>click_createLinkedlist_Test</b><br>Test class: com.dsalgo.testcases.LinkedListTest</td>
<td><div><pre>org.openqa.selenium.NoSuchElementException: no such element: Unable to locate element: {&quot;method&quot;:&quot;xpath&quot;,&quot;selector&quot;:&quot;//pre//span[@role = &apos;presentation&apos;]/span&quot;}
  (Session info: chrome=105.0.5195.125)
For documentation on this error, please visit: https://selenium.dev/exceptions/#no_such_element
Build info: version: &apos;4.4.0&apos;, revision: &apos;e5c75ed026a&apos;
System info: host: &apos;unknown40163ba3e049.attlocal.net&apos;, ip: &apos;2600:1700:2fa0:a7e0:0:0:0:41%en0&apos;, os.name: &apos;Mac OS X&apos;, os.arch: &apos;x86_64&apos;, os.version: &apos;10.16&apos;, java.version: &apos;1.8.0_311&apos;
Driver info: org.openqa.selenium.chrome.ChromeDriver
Command: [1bbcdf728ae6d70dc140aac8d7ff9f9f, findElement {using=xpath, value=//pre//span[@role = &apos;presentation&apos;]/span}]
Capabilities {acceptInsecureCerts: false, browserName: chrome, browserVersion: 105.0.5195.125, chrome: {chromedriverVersion: 104.0.5112.79 (3cf3e8c8a07d..., userDataDir: /var/folders/6_/d6t7_g7s221...}, goog:chromeOptions: {debuggerAddress: localhost:52875}, networkConnectionEnabled: false, pageLoadStrategy: normal, platformName: MAC, proxy: Proxy(), se:cdp: ws://localhost:52875/devtoo..., se:cdpVersion: 105.0.5195.125, setWindowRect: true, strictFileInteractability: false, timeouts: {implicit: 0, pageLoad: 300000, script: 30000}, unhandledPromptBehavior: dismiss and notify, webauthn:extension:credBlob: true, webauthn:extension:largeBlob: true, webauthn:virtualAuthenticators: true}
Session ID: 1bbcdf728ae6d70dc140aac8d7ff9f9f
	at org.openqa.selenium.remote.codec.w3c.W3CHttpResponseCodec.createException(W3CHttpResponseCodec.java:200)
	at org.openqa.selenium.remote.codec.w3c.W3CHttpResponseCodec.decode(W3CHttpResponseCodec.java:133)
	at org.openqa.selenium.remote.codec.w3c.W3CHttpResponseCodec.decode(W3CHttpResponseCodec.java:53)
	at org.openqa.selenium.remote.HttpCommandExecutor.execute(HttpCommandExecutor.java:184)
	at org.openqa.selenium.remote.service.DriverCommandExecutor.invokeExecute(DriverCommandExecutor.java:167)
	at org.openqa.selenium.remote.service.DriverCommandExecutor.execute(DriverCommandExecutor.java:142)
	at org.openqa.selenium.remote.RemoteWebDriver.execute(RemoteWebDriver.java:547)
	at org.openqa.selenium.remote.ElementLocation$ElementFinder$2.findElement(ElementLocation.java:162)
	at org.openqa.selenium.remote.ElementLocation.findElement(ElementLocation.java:60)
	at org.openqa.selenium.remote.RemoteWebDriver.findElement(RemoteWebDriver.java:365)
	at org.openqa.selenium.remote.RemoteWebDriver.findElement(RemoteWebDriver.java:357)
	at com.dsalgo.pageObjects.LinkedListPage.sendCode(LinkedListPage.java:37)
	at com.dsalgo.testcases.LinkedListTest.click_createLinkedlist_Test(LinkedListTest.java:77)
	at java.util.ArrayList.forEach(ArrayList.java:1259)
... Removed 31 stack frames</pre></div><a href='#' onClick='toggleBox("stack-trace870593736", this, "Click to show all stack frames", "Click to hide stack frames")'>Click to show all stack frames</a>
<div class='stack-trace' id='stack-trace870593736'><pre>org.openqa.selenium.NoSuchElementException: no such element: Unable to locate element: {&quot;method&quot;:&quot;xpath&quot;,&quot;selector&quot;:&quot;//pre//span[@role = &apos;presentation&apos;]/span&quot;}
  (Session info: chrome=105.0.5195.125)
For documentation on this error, please visit: https://selenium.dev/exceptions/#no_such_element
Build info: version: &apos;4.4.0&apos;, revision: &apos;e5c75ed026a&apos;
System info: host: &apos;unknown40163ba3e049.attlocal.net&apos;, ip: &apos;2600:1700:2fa0:a7e0:0:0:0:41%en0&apos;, os.name: &apos;Mac OS X&apos;, os.arch: &apos;x86_64&apos;, os.version: &apos;10.16&apos;, java.version: &apos;1.8.0_311&apos;
Driver info: org.openqa.selenium.chrome.ChromeDriver
Command: [1bbcdf728ae6d70dc140aac8d7ff9f9f, findElement {using=xpath, value=//pre//span[@role = &apos;presentation&apos;]/span}]
Capabilities {acceptInsecureCerts: false, browserName: chrome, browserVersion: 105.0.5195.125, chrome: {chromedriverVersion: 104.0.5112.79 (3cf3e8c8a07d..., userDataDir: /var/folders/6_/d6t7_g7s221...}, goog:chromeOptions: {debuggerAddress: localhost:52875}, networkConnectionEnabled: false, pageLoadStrategy: normal, platformName: MAC, proxy: Proxy(), se:cdp: ws://localhost:52875/devtoo..., se:cdpVersion: 105.0.5195.125, setWindowRect: true, strictFileInteractability: false, timeouts: {implicit: 0, pageLoad: 300000, script: 30000}, unhandledPromptBehavior: dismiss and notify, webauthn:extension:credBlob: true, webauthn:extension:largeBlob: true, webauthn:virtualAuthenticators: true}
Session ID: 1bbcdf728ae6d70dc140aac8d7ff9f9f
	at sun.reflect.NativeConstructorAccessorImpl.newInstance0(Native Method)
	at sun.reflect.NativeConstructorAccessorImpl.newInstance(NativeConstructorAccessorImpl.java:62)
	at sun.reflect.DelegatingConstructorAccessorImpl.newInstance(DelegatingConstructorAccessorImpl.java:45)
	at java.lang.reflect.Constructor.newInstance(Constructor.java:423)
	at org.openqa.selenium.remote.codec.w3c.W3CHttpResponseCodec.createException(W3CHttpResponseCodec.java:200)
	at org.openqa.selenium.remote.codec.w3c.W3CHttpResponseCodec.decode(W3CHttpResponseCodec.java:133)
	at org.openqa.selenium.remote.codec.w3c.W3CHttpResponseCodec.decode(W3CHttpResponseCodec.java:53)
	at org.openqa.selenium.remote.HttpCommandExecutor.execute(HttpCommandExecutor.java:184)
	at org.openqa.selenium.remote.service.DriverCommandExecutor.invokeExecute(DriverCommandExecutor.java:167)
	at org.openqa.selenium.remote.service.DriverCommandExecutor.execute(DriverCommandExecutor.java:142)
	at org.openqa.selenium.remote.RemoteWebDriver.execute(RemoteWebDriver.java:547)
	at org.openqa.selenium.remote.ElementLocation$ElementFinder$2.findElement(ElementLocation.java:162)
	at org.openqa.selenium.remote.ElementLocation.findElement(ElementLocation.java:60)
	at org.openqa.selenium.remote.RemoteWebDriver.findElement(RemoteWebDriver.java:365)
	at org.openqa.selenium.remote.RemoteWebDriver.findElement(RemoteWebDriver.java:357)
	at com.dsalgo.pageObjects.LinkedListPage.sendCode(LinkedListPage.java:37)
	at com.dsalgo.testcases.LinkedListTest.click_createLinkedlist_Test(LinkedListTest.java:77)
	at sun.reflect.NativeMethodAccessorImpl.invoke0(Native Method)
	at sun.reflect.NativeMethodAccessorImpl.invoke(NativeMethodAccessorImpl.java:62)
	at sun.reflect.DelegatingMethodAccessorImpl.invoke(DelegatingMethodAccessorImpl.java:43)
	at java.lang.reflect.Method.invoke(Method.java:498)
	at org.testng.internal.MethodInvocationHelper.invokeMethod(MethodInvocationHelper.java:133)
	at org.testng.internal.TestInvoker.invokeMethod(TestInvoker.java:598)
	at org.testng.internal.TestInvoker.invokeTestMethod(TestInvoker.java:173)
	at org.testng.internal.MethodRunner.runInSequence(MethodRunner.java:46)
	at org.testng.internal.TestInvoker$MethodInvocationAgent.invoke(TestInvoker.java:824)
	at org.testng.internal.TestInvoker.invokeTestMethods(TestInvoker.java:146)
	at org.testng.internal.TestMethodWorker.invokeTestMethods(TestMethodWorker.java:146)
	at org.testng.internal.TestMethodWorker.run(TestMethodWorker.java:128)
	at java.util.ArrayList.forEach(ArrayList.java:1259)
	at org.testng.TestRunner.privateRun(TestRunner.java:794)
	at org.testng.TestRunner.run(TestRunner.java:596)
	at org.testng.SuiteRunner.runTest(SuiteRunner.java:377)
	at org.testng.SuiteRunner.runSequentially(SuiteRunner.java:371)
	at org.testng.SuiteRunner.privateRun(SuiteRunner.java:332)
	at org.testng.SuiteRunner.run(SuiteRunner.java:276)
	at org.testng.SuiteRunnerWorker.runSuite(SuiteRunnerWorker.java:53)
	at org.testng.SuiteRunnerWorker.run(SuiteRunnerWorker.java:96)
	at org.testng.TestNG.runSuitesSequentially(TestNG.java:1212)
	at org.testng.TestNG.runSuitesLocally(TestNG.java:1134)
	at org.testng.TestNG.runSuites(TestNG.java:1063)
	at org.testng.TestNG.run(TestNG.java:1031)
	at org.testng.remote.AbstractRemoteTestNG.run(AbstractRemoteTestNG.java:115)
	at org.testng.remote.RemoteTestNG.initAndRun(RemoteTestNG.java:251)
	at org.testng.remote.RemoteTestNG.main(RemoteTestNG.java:77)
</pre></div></td>
<td>20</td>
<td>com.dsalgo.testcases.LinkedListTest@795cd85e</td></tr>
</table><p>
<table width='100%' border='1' class='invocation-passed'>
<tr><td colspan='4' align='center'><b>PASSED TESTS</b></td></tr>
<tr><td><b>Test method</b></td>
<td width="30%"><b>Exception</b></td>
<td width="10%"><b>Time (seconds)</b></td>
<td><b>Instance</b></td>
</tr>
<tr>
<td title='com.dsalgo.testcases.SignInTest.signIn_User_With_noPasswd_Test()'><b>signIn_User_With_noPasswd_Test</b><br>Test class: com.dsalgo.testcases.SignInTest</td>
<td></td>
<td>2</td>
<td>com.dsalgo.testcases.SignInTest@6e171cd7</td></tr>
<tr>
<td title='com.dsalgo.testcases.RegisterTest.registerUser_With_invalidDetails_With_No_confirmPasswdTest()'><b>registerUser_With_invalidDetails_With_No_confirmPasswdTest</b><br>Test class: com.dsalgo.testcases.RegisterTest</td>
<td></td>
<td>2</td>
<td>com.dsalgo.testcases.RegisterTest@498d318c</td></tr>
<tr>
<td title='com.dsalgo.testcases.DataStructureTest.click_timeComplexityTest()'><b>click_timeComplexityTest</b><br>Test class: com.dsalgo.testcases.DataStructureTest</td>
<td></td>
<td>1</td>
<td>com.dsalgo.testcases.DataStructureTest@402bba4f</td></tr>
<tr>
<td title='com.dsalgo.testcases.LinkedListTest.sendCodeTest()'><b>sendCodeTest</b><br>Test class: com.dsalgo.testcases.LinkedListTest</td>
<td></td>
<td>3</td>
<td>com.dsalgo.testcases.LinkedListTest@795cd85e</td></tr>
<tr>
<td title='com.dsalgo.testcases.DataStructureTest.click_tryHereTest()'><b>click_tryHereTest</b><br>Test class: com.dsalgo.testcases.DataStructureTest</td>
<td></td>
<td>2</td>
<td>com.dsalgo.testcases.DataStructureTest@402bba4f</td></tr>
<tr>
<td title='com.dsalgo.testcases.DataStructureTest.click_Getstarted_below_DataStructureTest()'><b>click_Getstarted_below_DataStructureTest</b><br>Test class: com.dsalgo.testcases.DataStructureTest</td>
<td></td>
<td>6</td>
<td>com.dsalgo.testcases.DataStructureTest@402bba4f</td></tr>
<tr>
<td title='com.dsalgo.testcases.DataStructureTest.sendCodeTest()'><b>sendCodeTest</b><br>Test class: com.dsalgo.testcases.DataStructureTest</td>
<td></td>
<td>6</td>
<td>com.dsalgo.testcases.DataStructureTest@402bba4f</td></tr>
<tr>
<td title='com.dsalgo.testcases.DataStructureTest.signOut_from_dataStructurePage_Test()'><b>signOut_from_dataStructurePage_Test</b><br>Test class: com.dsalgo.testcases.DataStructureTest</td>
<td></td>
<td>2</td>
<td>com.dsalgo.testcases.DataStructureTest@402bba4f</td></tr>
<tr>
<td title='com.dsalgo.testcases.HomeTest.getStartedFromPaneTest()'><b>getStartedFromPaneTest</b><br>Test class: com.dsalgo.testcases.HomeTest</td>
<td></td>
<td>2</td>
<td>com.dsalgo.testcases.HomeTest@479d31f3</td></tr>
<tr>
<td title='com.dsalgo.testcases.DataStructureTest.click_practiceQnsTest()'><b>click_practiceQnsTest</b><br>Test class: com.dsalgo.testcases.DataStructureTest</td>
<td></td>
<td>3</td>
<td>com.dsalgo.testcases.DataStructureTest@402bba4f</td></tr>
<tr>
<td title='com.dsalgo.testcases.RegisterTest.registerUser_With_invalidDetails_With_diffPasswd()'><b>registerUser_With_invalidDetails_With_diffPasswd</b><br>Test class: com.dsalgo.testcases.RegisterTest</td>
<td></td>
<td>4</td>
<td>com.dsalgo.testcases.RegisterTest@498d318c</td></tr>
<tr>
<td title='com.dsalgo.testcases.RegisterTest.registerUser_With_invalidDetails_With_invalid_userName()'><b>registerUser_With_invalidDetails_With_invalid_userName</b><br>Test class: com.dsalgo.testcases.RegisterTest</td>
<td></td>
<td>3</td>
<td>com.dsalgo.testcases.RegisterTest@498d318c</td></tr>
<tr>
<td title='com.dsalgo.testcases.RegisterTest.registerUser_With_invalidDetails_With_lessthan8characters_fPasswd()'><b>registerUser_With_invalidDetails_With_lessthan8characters_fPasswd</b><br>Test class: com.dsalgo.testcases.RegisterTest</td>
<td></td>
<td>4</td>
<td>com.dsalgo.testcases.RegisterTest@498d318c</td></tr>
<tr>
<td title='com.dsalgo.testcases.SignInTest.signIn_User_With_noUname_Test()'><b>signIn_User_With_noUname_Test</b><br>Test class: com.dsalgo.testcases.SignInTest</td>
<td></td>
<td>1</td>
<td>com.dsalgo.testcases.SignInTest@6e171cd7</td></tr>
<tr>
<td title='com.dsalgo.testcases.LinkedListTest.click_Getstarted_below_LinkedListTest()'><b>click_Getstarted_below_LinkedListTest</b><br>Test class: com.dsalgo.testcases.LinkedListTest</td>
<td></td>
<td>6</td>
<td>com.dsalgo.testcases.LinkedListTest@795cd85e</td></tr>
<tr>
<td title='com.dsalgo.testcases.LinkedListTest.click_tryHere_Test()'><b>click_tryHere_Test</b><br>Test class: com.dsalgo.testcases.LinkedListTest</td>
<td></td>
<td>1</td>
<td>com.dsalgo.testcases.LinkedListTest@795cd85e</td></tr>
<tr>
<td title='com.dsalgo.testcases.HomeTest.displaySignInTest()'><b>displaySignInTest</b><br>Test class: com.dsalgo.testcases.HomeTest</td>
<td></td>
<td>0</td>
<td>com.dsalgo.testcases.HomeTest@479d31f3</td></tr>
<tr>
<td title='com.dsalgo.testcases.HomeTest.getStartedFromDropDownTest()'><b>getStartedFromDropDownTest</b><br>Test class: com.dsalgo.testcases.HomeTest</td>
<td></td>
<td>2</td>
<td>com.dsalgo.testcases.HomeTest@479d31f3</td></tr>
<tr>
<td title='com.dsalgo.testcases.RegisterTest.registerUser_With_invalidDetailsWith_No_PasswdTest()'><b>registerUser_With_invalidDetailsWith_No_PasswdTest</b><br>Test class: com.dsalgo.testcases.RegisterTest</td>
<td></td>
<td>1</td>
<td>com.dsalgo.testcases.RegisterTest@498d318c</td></tr>
<tr>
<td title='com.dsalgo.testcases.RegisterTest.clickSignOutTest()'><b>clickSignOutTest</b><br>Test class: com.dsalgo.testcases.RegisterTest</td>
<td></td>
<td>2</td>
<td>com.dsalgo.testcases.RegisterTest@498d318c</td></tr>
<tr>
<td title='com.dsalgo.testcases.RegisterTest.registerUser_With_correct_user_passwd()'><b>registerUser_With_correct_user_passwd</b><br>Test class: com.dsalgo.testcases.RegisterTest</td>
<td></td>
<td>5</td>
<td>com.dsalgo.testcases.RegisterTest@498d318c</td></tr>
<tr>
<td title='com.dsalgo.testcases.HomeTest.clickRegbtnTest()'><b>clickRegbtnTest</b><br>Test class: com.dsalgo.testcases.HomeTest</td>
<td></td>
<td>2</td>
<td>com.dsalgo.testcases.HomeTest@479d31f3</td></tr>
<tr>
<td title='com.dsalgo.testcases.SignInTest.signIn_User_With_valid_uName_Password_Test()'><b>signIn_User_With_valid_uName_Password_Test</b><br>Test class: com.dsalgo.testcases.SignInTest</td>
<td></td>
<td>6</td>
<td>com.dsalgo.testcases.SignInTest@6e171cd7</td></tr>
<tr>
<td title='com.dsalgo.testcases.SignInTest.signIn_User_With_invalid_Username_Password_Test()'><b>signIn_User_With_invalid_Username_Password_Test</b><br>Test class: com.dsalgo.testcases.SignInTest</td>
<td></td>
<td>2</td>
<td>com.dsalgo.testcases.SignInTest@6e171cd7</td></tr>
<tr>
<td title='com.dsalgo.testcases.PortalTest.clickGetStartedTest()'><b>clickGetStartedTest</b><br>Test class: com.dsalgo.testcases.PortalTest</td>
<td></td>
<td>2</td>
<td>com.dsalgo.testcases.PortalTest@2145b572</td></tr>
<tr>
<td title='com.dsalgo.testcases.RegisterTest.registerUser_With_invalidDetails_With_emptyFieldTest()'><b>registerUser_With_invalidDetails_With_emptyFieldTest</b><br>Test class: com.dsalgo.testcases.RegisterTest</td>
<td></td>
<td>5</td>
<td>com.dsalgo.testcases.RegisterTest@498d318c</td></tr>
<tr>
<td title='com.dsalgo.testcases.SignInTest.signIn_User_With_no_userpasswordTest()'><b>signIn_User_With_no_userpasswordTest</b><br>Test class: com.dsalgo.testcases.SignInTest</td>
<td></td>
<td>3</td>
<td>com.dsalgo.testcases.SignInTest@6e171cd7</td></tr>
<tr>
<td title='com.dsalgo.testcases.SignInTest.signOut_fromSigninPage_Test()'><b>signOut_fromSigninPage_Test</b><br>Test class: com.dsalgo.testcases.SignInTest</td>
<td></td>
<td>2</td>
<td>com.dsalgo.testcases.SignInTest@6e171cd7</td></tr>
<tr>
<td title='com.dsalgo.testcases.LinkedListTest.click_Introduction_Test()'><b>click_Introduction_Test</b><br>Test class: com.dsalgo.testcases.LinkedListTest</td>
<td></td>
<td>1</td>
<td>com.dsalgo.testcases.LinkedListTest@795cd85e</td></tr>
</table><p>
</body>
</html>