<?xml version="1.0" encoding="UTF-8"?>
<!-- Generated by org.testng.reporters.JUnitXMLReporter -->
<testsuite hostname="unknown40163ba3e049.attlocal.net" ignored="0" name="DS Algo Test" tests="33" failures="4" timestamp="2022-09-16T15:06:03 CDT" time="161.741" errors="0">
  <testcase name="clickGetStartedTest" time="2.413" classname="com.dsalgo.testcases.PortalTest"/>
  <testcase name="getPaneCountTest" time="2.425" classname="com.dsalgo.testcases.HomeTest">
    <failure type="java.lang.NoSuchMethodError" message="org.testng.Assert.assertEquals(ILjava/lang/Integer;)V">
      <![CDATA[java.lang.NoSuchMethodError: org.testng.Assert.assertEquals(ILjava/lang/Integer;)V
at com.dsalgo.testcases.HomeTest.getPaneCountTest(HomeTest.java:39)
at java.util.ArrayList.forEach(ArrayList.java:1259)
... Removed 27 stack frames]]>
    </failure>
  </testcase> <!-- getPaneCountTest -->
  <testcase name="getDropDownListCountTest" time="2.102" classname="com.dsalgo.testcases.HomeTest">
    <failure type="java.lang.NoSuchMethodError" message="org.testng.Assert.assertEquals(ILjava/lang/Integer;Ljava/lang/String;)V">
      <![CDATA[java.lang.NoSuchMethodError: org.testng.Assert.assertEquals(ILjava/lang/Integer;Ljava/lang/String;)V
at com.dsalgo.testcases.HomeTest.getDropDownListCountTest(HomeTest.java:46)
at java.util.ArrayList.forEach(ArrayList.java:1259)
... Removed 27 stack frames]]>
    </failure>
  </testcase> <!-- getDropDownListCountTest -->
  <testcase name="getStartedFromPaneTest" time="2.251" classname="com.dsalgo.testcases.HomeTest"/>
  <testcase name="getStartedFromDropDownTest" time="2.432" classname="com.dsalgo.testcases.HomeTest"/>
  <testcase name="displaySignInTest" time="0.222" classname="com.dsalgo.testcases.HomeTest"/>
  <testcase name="clickRegbtnTest" time="2.265" classname="com.dsalgo.testcases.HomeTest"/>
  <testcase name="registerUser_With_invalidDetails_With_emptyFieldTest" time="5.945" classname="com.dsalgo.testcases.RegisterTest"/>
  <testcase name="registerUser_With_invalidDetailsWith_No_PasswdTest" time="1.361" classname="com.dsalgo.testcases.RegisterTest"/>
  <testcase name="registerUser_With_invalidDetails_With_No_confirmPasswdTest" time="2.346" classname="com.dsalgo.testcases.RegisterTest"/>
  <testcase name="registerUser_With_invalidDetails_With_invalid_userName" time="3.471" classname="com.dsalgo.testcases.RegisterTest"/>
  <testcase name="registerUser_With_invalidDetails_With_diffPasswd" time="4.527" classname="com.dsalgo.testcases.RegisterTest"/>
  <testcase name="registerUser_With_invalidDetails_With_lessthan8characters_fPasswd" time="4.574" classname="com.dsalgo.testcases.RegisterTest"/>
  <testcase name="registerUser_With_invalidDetails_With_Onlynumbersin_Passwd" time="4.466" classname="com.dsalgo.testcases.RegisterTest">
    <failure type="java.lang.AssertionError" message="Register user worked without mandatory fields expected [2] but found [3]">
      <![CDATA[java.lang.AssertionError: Register user worked without mandatory fields expected [2] but found [3]
at com.dsalgo.testcases.RegisterTest.registerUser_With_invalidDetails_With_Onlynumbersin_Passwd(RegisterTest.java:105)
at java.util.ArrayList.forEach(ArrayList.java:1259)
... Removed 32 stack frames]]>
    </failure>
  </testcase> <!-- registerUser_With_invalidDetails_With_Onlynumbersin_Passwd -->
  <testcase name="registerUser_With_correct_user_passwd" time="5.729" classname="com.dsalgo.testcases.RegisterTest"/>
  <testcase name="clickSignOutTest" time="2.294" classname="com.dsalgo.testcases.RegisterTest"/>
  <testcase name="signIn_User_With_no_userpasswordTest" time="3.858" classname="com.dsalgo.testcases.SignInTest"/>
  <testcase name="signIn_User_With_noUname_Test" time="1.243" classname="com.dsalgo.testcases.SignInTest"/>
  <testcase name="signIn_User_With_noPasswd_Test" time="2.293" classname="com.dsalgo.testcases.SignInTest"/>
  <testcase name="signIn_User_With_invalid_Username_Password_Test" time="2.545" classname="com.dsalgo.testcases.SignInTest"/>
  <testcase name="signIn_User_With_valid_uName_Password_Test" time="6.7" classname="com.dsalgo.testcases.SignInTest"/>
  <testcase name="signOut_fromSigninPage_Test" time="2.229" classname="com.dsalgo.testcases.SignInTest"/>
  <testcase name="click_Getstarted_below_DataStructureTest" time="6.472" classname="com.dsalgo.testcases.DataStructureTest"/>
  <testcase name="click_timeComplexityTest" time="1.285" classname="com.dsalgo.testcases.DataStructureTest"/>
  <testcase name="click_practiceQnsTest" time="3.269" classname="com.dsalgo.testcases.DataStructureTest"/>
  <testcase name="click_tryHereTest" time="2.524" classname="com.dsalgo.testcases.DataStructureTest"/>
  <testcase name="sendCodeTest" time="6.4" classname="com.dsalgo.testcases.DataStructureTest"/>
  <testcase name="signOut_from_dataStructurePage_Test" time="2.288" classname="com.dsalgo.testcases.DataStructureTest"/>
  <testcase name="click_Getstarted_below_LinkedListTest" time="6.786" classname="com.dsalgo.testcases.LinkedListTest"/>
  <testcase name="click_Introduction_Test" time="1.325" classname="com.dsalgo.testcases.LinkedListTest"/>
  <testcase name="click_tryHere_Test" time="1.497" classname="com.dsalgo.testcases.LinkedListTest"/>
  <testcase name="sendCodeTest" time="3.469" classname="com.dsalgo.testcases.LinkedListTest"/>
  <testcase name="click_createLinkedlist_Test" time="20.253" classname="com.dsalgo.testcases.LinkedListTest">
    <failure type="org.openqa.selenium.NoSuchElementException" message="no such element: Unable to locate element: {&amp;quot;method&amp;quot;:&amp;quot;xpath&amp;quot;,&amp;quot;selector&amp;quot;:&amp;quot;//pre//span[@role = &amp;apos;presentation&amp;apos;]/span&amp;quot;}
  (Session info: chrome=105.0.5195.125)
For documentation on this error, please visit: https://selenium.dev/exceptions/#no_such_element
Build info: version: &amp;apos;4.4.0&amp;apos;, revision: &amp;apos;e5c75ed026a&amp;apos;
System info: host: &amp;apos;unknown40163ba3e049.attlocal.net&amp;apos;, ip: &amp;apos;2600:1700:2fa0:a7e0:0:0:0:41%en0&amp;apos;, os.name: &amp;apos;Mac OS X&amp;apos;, os.arch: &amp;apos;x86_64&amp;apos;, os.version: &amp;apos;10.16&amp;apos;, java.version: &amp;apos;1.8.0_311&amp;apos;
Driver info: org.openqa.selenium.chrome.ChromeDriver
Command: [1bbcdf728ae6d70dc140aac8d7ff9f9f, findElement {using=xpath, value=//pre//span[@role = &amp;apos;presentation&amp;apos;]/span}]
Capabilities {acceptInsecureCerts: false, browserName: chrome, browserVersion: 105.0.5195.125, chrome: {chromedriverVersion: 104.0.5112.79 (3cf3e8c8a07d..., userDataDir: /var/folders/6_/d6t7_g7s221...}, goog:chromeOptions: {debuggerAddress: localhost:52875}, networkConnectionEnabled: false, pageLoadStrategy: normal, platformName: MAC, proxy: Proxy(), se:cdp: ws://localhost:52875/devtoo..., se:cdpVersion: 105.0.5195.125, setWindowRect: true, strictFileInteractability: false, timeouts: {implicit: 0, pageLoad: 300000, script: 30000}, unhandledPromptBehavior: dismiss and notify, webauthn:extension:credBlob: true, webauthn:extension:largeBlob: true, webauthn:virtualAuthenticators: true}
Session ID: 1bbcdf728ae6d70dc140aac8d7ff9f9f">
      <![CDATA[org.openqa.selenium.NoSuchElementException: no such element: Unable to locate element: {"method":"xpath","selector":"//pre//span[@role = 'presentation']/span"}
  (Session info: chrome=105.0.5195.125)
For documentation on this error, please visit: https://selenium.dev/exceptions/#no_such_element
Build info: version: '4.4.0', revision: 'e5c75ed026a'
System info: host: 'unknown40163ba3e049.attlocal.net', ip: '2600:1700:2fa0:a7e0:0:0:0:41%en0', os.name: 'Mac OS X', os.arch: 'x86_64', os.version: '10.16', java.version: '1.8.0_311'
Driver info: org.openqa.selenium.chrome.ChromeDriver
Command: [1bbcdf728ae6d70dc140aac8d7ff9f9f, findElement {using=xpath, value=//pre//span[@role = 'presentation']/span}]
Capabilities {acceptInsecureCerts: false, browserName: chrome, browserVersion: 105.0.5195.125, chrome: {chromedriverVersion: 104.0.5112.79 (3cf3e8c8a07d..., userDataDir: /var/folders/6_/d6t7_g7s221...}, goog:chromeOptions: {debuggerAddress: localhost:52875}, networkConnectionEnabled: false, pageLoadStrategy: normal, platformName: MAC, proxy: Proxy(), se:cdp: ws://localhost:52875/devtoo..., se:cdpVersion: 105.0.5195.125, setWindowRect: true, strictFileInteractability: false, timeouts: {implicit: 0, pageLoad: 300000, script: 30000}, unhandledPromptBehavior: dismiss and notify, webauthn:extension:credBlob: true, webauthn:extension:largeBlob: true, webauthn:virtualAuthenticators: true}
Session ID: 1bbcdf728ae6d70dc140aac8d7ff9f9f
at org.openqa.selenium.remote.codec.w3c.W3CHttpResponseCodec.createException(W3CHttpResponseCodec.java:200)
at org.openqa.selenium.remote.codec.w3c.W3CHttpResponseCodec.decode(W3CHttpResponseCodec.java:133)
at org.openqa.selenium.remote.codec.w3c.W3CHttpResponseCodec.decode(W3CHttpResponseCodec.java:53)
at org.openqa.selenium.remote.HttpCommandExecutor.execute(HttpCommandExecutor.java:184)
at org.openqa.selenium.remote.service.DriverCommandExecutor.invokeExecute(DriverCommandExecutor.java:167)
at org.openqa.selenium.remote.service.DriverCommandExecutor.execute(DriverCommandExecutor.java:142)
at org.openqa.selenium.remote.RemoteWebDriver.execute(RemoteWebDriver.java:547)
at org.openqa.selenium.remote.ElementLocation$ElementFinder$2.findElement(ElementLocation.java:162)
at org.openqa.selenium.remote.ElementLocation.findElement(ElementLocation.java:60)
at org.openqa.selenium.remote.RemoteWebDriver.findElement(RemoteWebDriver.java:365)
at org.openqa.selenium.remote.RemoteWebDriver.findElement(RemoteWebDriver.java:357)
at com.dsalgo.pageObjects.LinkedListPage.sendCode(LinkedListPage.java:37)
at com.dsalgo.testcases.LinkedListTest.click_createLinkedlist_Test(LinkedListTest.java:77)
at java.util.ArrayList.forEach(ArrayList.java:1259)
... Removed 31 stack frames]]>
    </failure>
  </testcase> <!-- click_createLinkedlist_Test -->
</testsuite> <!-- DS Algo Test -->
