<!DOCTYPE html PUBLIC "-//W3C//DTD XHTML 1.1//EN" "https://www.w3.org/TR/xhtml11/DTD/xhtml11.dtd">
<html xmlns="https://www.w3.org/1999/xhtml">
<head>
<meta http-equiv="content-type" content="text/html; charset=UTF-8"/>
<title>TestNG Report</title>
<style type="text/css">table {margin-bottom:10px;border-collapse:collapse;empty-cells:show}th,td {border:1px solid #009;padding:.25em .5em}th {vertical-align:bottom}td {vertical-align:top}table a {font-weight:bold}.stripe td {background-color: #E6EBF9}.num {text-align:right}.passedodd td {background-color: #3F3}.passedeven td {background-color: #0A0}.skippedodd td {background-color: #DDD}.skippedeven td {background-color: #CCC}.failedodd td,.attn {background-color: #F33}.failedeven td,.stripe .attn {background-color: #D00}.stacktrace {white-space:pre;font-family:monospace}.totop {font-size:85%;text-align:center;border-bottom:2px solid #000}.invisible {display:none}</style>
</head>
<body>
<table>
<tr><th>Test</th><th># Passed</th><th># Skipped</th><th># Retried</th><th># Failed</th><th>Time (ms)</th><th>Included Groups</th><th>Excluded Groups</th></tr>
<tr><th colspan="8">DS Algo Test Automation Test Suite</th></tr>
<tr><td><a href="#t0">DS Algo Test</a></td><td class="num">29</td><td class="num">0</td><td class="num">0</td><td class="num attn">4</td><td class="num">161,741</td><td></td><td></td></tr>
</table>
<table id='summary'><thead><tr><th>Class</th><th>Method</th><th>Start</th><th>Time (ms)</th></tr></thead><tbody><tr><th colspan="4">DS Algo Test Automation Test Suite</th></tr></tbody><tbody id="t0"><tr><th colspan="4">DS Algo Test &#8212; failed</th></tr><tr class="failedeven"><td rowspan="2">com.dsalgo.testcases.HomeTest</td><td><a href="#m0">getDropDownListCountTest</a></td><td rowspan="1">1663358634150</td><td rowspan="1">2102</td></tr><tr class="failedeven"><td><a href="#m1">getPaneCountTest</a></td><td rowspan="1">1663358631187</td><td rowspan="1">2425</td></tr><tr class="failedodd"><td rowspan="1">com.dsalgo.testcases.LinkedListTest</td><td><a href="#m2">click_createLinkedlist_Test</a></td><td rowspan="1">1663358742347</td><td rowspan="1">20253</td></tr><tr class="failedeven"><td rowspan="1">com.dsalgo.testcases.RegisterTest</td><td><a href="#m3">registerUser_With_invalidDetails_With_Onlynumbersin_Passwd</a></td><td rowspan="1">1663358668458</td><td rowspan="1">4466</td></tr><tr><th colspan="4">DS Algo Test &#8212; passed</th></tr><tr class="passedeven"><td rowspan="6">com.dsalgo.testcases.DataStructureTest</td><td><a href="#m4">click_Getstarted_below_DataStructureTest</a></td><td rowspan="1">1663358704815</td><td rowspan="1">6472</td></tr><tr class="passedeven"><td><a href="#m5">click_practiceQnsTest</a></td><td rowspan="1">1663358712579</td><td rowspan="1">3269</td></tr><tr class="passedeven"><td><a href="#m6">click_timeComplexityTest</a></td><td rowspan="1">1663358711291</td><td rowspan="1">1285</td></tr><tr class="passedeven"><td><a href="#m7">click_tryHereTest</a></td><td rowspan="1">1663358715850</td><td rowspan="1">2524</td></tr><tr class="passedeven"><td><a href="#m8">sendCodeTest</a></td><td rowspan="1">1663358718378</td><td rowspan="1">6400</td></tr><tr class="passedeven"><td><a href="#m9">signOut_from_dataStructurePage_Test</a></td><td rowspan="1">1663358724780</td><td rowspan="1">2288</td></tr><tr class="passedodd"><td rowspan="4">com.dsalgo.testcases.HomeTest</td><td><a href="#m10">clickRegbtnTest</a></td><td rowspan="1">1663358641701</td><td rowspan="1">2265</td></tr><tr class="passedodd"><td><a href="#m11">displaySignInTest</a></td><td rowspan="1">1663358641476</td><td rowspan="1">222</td></tr><tr class="passedodd"><td><a href="#m12">getStartedFromDropDownTest</a></td><td rowspan="1">1663358639038</td><td rowspan="1">2432</td></tr><tr class="passedodd"><td><a href="#m13">getStartedFromPaneTest</a></td><td rowspan="1">1663358636783</td><td rowspan="1">2251</td></tr><tr class="passedeven"><td rowspan="4">com.dsalgo.testcases.LinkedListTest</td><td><a href="#m14">click_Getstarted_below_LinkedListTest</a></td><td rowspan="1">1663358729257</td><td rowspan="1">6786</td></tr><tr class="passedeven"><td><a href="#m15">click_Introduction_Test</a></td><td rowspan="1">1663358736045</td><td rowspan="1">1325</td></tr><tr class="passedeven"><td><a href="#m16">click_tryHere_Test</a></td><td rowspan="1">1663358737373</td><td rowspan="1">1497</td></tr><tr class="passedeven"><td><a href="#m17">sendCodeTest</a></td><td rowspan="1">1663358738872</td><td rowspan="1">3469</td></tr><tr class="passedodd"><td rowspan="1">com.dsalgo.testcases.PortalTest</td><td><a href="#m18">clickGetStartedTest</a></td><td rowspan="1">1663358626616</td><td rowspan="1">2413</td></tr><tr class="passedeven"><td rowspan="8">com.dsalgo.testcases.RegisterTest</td><td><a href="#m19">clickSignOutTest</a></td><td rowspan="1">1663358678989</td><td rowspan="1">2294</td></tr><tr class="passedeven"><td><a href="#m20">registerUser_With_correct_user_passwd</a></td><td rowspan="1">1663358673256</td><td rowspan="1">5729</td></tr><tr class="passedeven"><td><a href="#m21">registerUser_With_invalidDetailsWith_No_PasswdTest</a></td><td rowspan="1">1663358652162</td><td rowspan="1">1361</td></tr><tr class="passedeven"><td><a href="#m22">registerUser_With_invalidDetails_With_No_confirmPasswdTest</a></td><td rowspan="1">1663358653525</td><td rowspan="1">2346</td></tr><tr class="passedeven"><td><a href="#m23">registerUser_With_invalidDetails_With_diffPasswd</a></td><td rowspan="1">1663358659350</td><td rowspan="1">4527</td></tr><tr class="passedeven"><td><a href="#m24">registerUser_With_invalidDetails_With_emptyFieldTest</a></td><td rowspan="1">1663358646215</td><td rowspan="1">5945</td></tr><tr class="passedeven"><td><a href="#m25">registerUser_With_invalidDetails_With_invalid_userName</a></td><td rowspan="1">1663358655876</td><td rowspan="1">3471</td></tr><tr class="passedeven"><td><a href="#m26">registerUser_With_invalidDetails_With_lessthan8characters_fPasswd</a></td><td rowspan="1">1663358663880</td><td rowspan="1">4574</td></tr><tr class="passedodd"><td rowspan="6">com.dsalgo.testcases.SignInTest</td><td><a href="#m27">signIn_User_With_invalid_Username_Password_Test</a></td><td rowspan="1">1663358691125</td><td rowspan="1">2545</td></tr><tr class="passedodd"><td><a href="#m28">signIn_User_With_noPasswd_Test</a></td><td rowspan="1">1663358688829</td><td rowspan="1">2293</td></tr><tr class="passedodd"><td><a href="#m29">signIn_User_With_noUname_Test</a></td><td rowspan="1">1663358687583</td><td rowspan="1">1243</td></tr><tr class="passedodd"><td><a href="#m30">signIn_User_With_no_userpasswordTest</a></td><td rowspan="1">1663358683723</td><td rowspan="1">3858</td></tr><tr class="passedodd"><td><a href="#m31">signIn_User_With_valid_uName_Password_Test</a></td><td rowspan="1">1663358693671</td><td rowspan="1">6700</td></tr><tr class="passedodd"><td><a href="#m32">signOut_fromSigninPage_Test</a></td><td rowspan="1">1663358700377</td><td rowspan="1">2229</td></tr></tbody>
</table>
<h2>DS Algo Test</h2><h3 id="m0">com.dsalgo.testcases.HomeTest#getDropDownListCountTest</h3><table class="result"><tr><th>Exception</th></tr><tr><td><div class="stacktrace">java.lang.NoSuchMethodError: org.testng.Assert.assertEquals(ILjava/lang/Integer;Ljava/lang/String;)V
	at com.dsalgo.testcases.HomeTest.getDropDownListCountTest(HomeTest.java:46)
	at java.util.ArrayList.forEach(ArrayList.java:1259)
... Removed 27 stack frames</div></td></tr></table><p class="totop"><a href="#summary">back to summary</a></p>
<h3 id="m1">com.dsalgo.testcases.HomeTest#getPaneCountTest</h3><table class="result"><tr><th>Exception</th></tr><tr><td><div class="stacktrace">java.lang.NoSuchMethodError: org.testng.Assert.assertEquals(ILjava/lang/Integer;)V
	at com.dsalgo.testcases.HomeTest.getPaneCountTest(HomeTest.java:39)
	at java.util.ArrayList.forEach(ArrayList.java:1259)
... Removed 27 stack frames</div></td></tr></table><p class="totop"><a href="#summary">back to summary</a></p>
<h3 id="m2">com.dsalgo.testcases.LinkedListTest#click_createLinkedlist_Test</h3><table class="result"><tr><th>Exception</th></tr><tr><td><div class="stacktrace">org.openqa.selenium.NoSuchElementException: no such element: Unable to locate element: {&quot;method&quot;:&quot;xpath&quot;,&quot;selector&quot;:&quot;//pre//span[@role = &apos;presentation&apos;]/span&quot;}
  (Session info: chrome=105.0.5195.125)
For documentation on this error, please visit: https://selenium.dev/exceptions/#no_such_element
Build info: version: &apos;4.4.0&apos;, revision: &apos;e5c75ed026a&apos;
System info: host: &apos;unknown40163ba3e049.attlocal.net&apos;, ip: &apos;2600:1700:2fa0:a7e0:0:0:0:41%en0&apos;, os.name: &apos;Mac OS X&apos;, os.arch: &apos;x86_64&apos;, os.version: &apos;10.16&apos;, java.version: &apos;1.8.0_311&apos;
Driver info: org.openqa.selenium.chrome.ChromeDriver
Command: [1bbcdf728ae6d70dc140aac8d7ff9f9f, findElement {using=xpath, value=//pre//span[@role = &apos;presentation&apos;]/span}]
Capabilities {acceptInsecureCerts: false, browserName: chrome, browserVersion: 105.0.5195.125, chrome: {chromedriverVersion: 104.0.5112.79 (3cf3e8c8a07d..., userDataDir: /var/folders/6_/d6t7_g7s221...}, goog:chromeOptions: {debuggerAddress: localhost:52875}, networkConnectionEnabled: false, pageLoadStrategy: normal, platformName: MAC, proxy: Proxy(), se:cdp: ws://localhost:52875/devtoo..., se:cdpVersion: 105.0.5195.125, setWindowRect: true, strictFileInteractability: false, timeouts: {implicit: 0, pageLoad: 300000, script: 30000}, unhandledPromptBehavior: dismiss and notify, webauthn:extension:credBlob: true, webauthn:extension:largeBlob: true, webauthn:virtualAuthenticators: true}
Session ID: 1bbcdf728ae6d70dc140aac8d7ff9f9f
	at org.openqa.selenium.remote.codec.w3c.W3CHttpResponseCodec.createException(W3CHttpResponseCodec.java:200)
	at org.openqa.selenium.remote.codec.w3c.W3CHttpResponseCodec.decode(W3CHttpResponseCodec.java:133)
	at org.openqa.selenium.remote.codec.w3c.W3CHttpResponseCodec.decode(W3CHttpResponseCodec.java:53)
	at org.openqa.selenium.remote.HttpCommandExecutor.execute(HttpCommandExecutor.java:184)
	at org.openqa.selenium.remote.service.DriverCommandExecutor.invokeExecute(DriverCommandExecutor.java:167)
	at org.openqa.selenium.remote.service.DriverCommandExecutor.execute(DriverCommandExecutor.java:142)
	at org.openqa.selenium.remote.RemoteWebDriver.execute(RemoteWebDriver.java:547)
	at org.openqa.selenium.remote.ElementLocation$ElementFinder$2.findElement(ElementLocation.java:162)
	at org.openqa.selenium.remote.ElementLocation.findElement(ElementLocation.java:60)
	at org.openqa.selenium.remote.RemoteWebDriver.findElement(RemoteWebDriver.java:365)
	at org.openqa.selenium.remote.RemoteWebDriver.findElement(RemoteWebDriver.java:357)
	at com.dsalgo.pageObjects.LinkedListPage.sendCode(LinkedListPage.java:37)
	at com.dsalgo.testcases.LinkedListTest.click_createLinkedlist_Test(LinkedListTest.java:77)
	at java.util.ArrayList.forEach(ArrayList.java:1259)
... Removed 31 stack frames</div></td></tr></table><p class="totop"><a href="#summary">back to summary</a></p>
<h3 id="m3">com.dsalgo.testcases.RegisterTest#registerUser_With_invalidDetails_With_Onlynumbersin_Passwd</h3><table class="result"><tr><th>Exception</th></tr><tr><td><div class="stacktrace">java.lang.AssertionError: Register user worked without mandatory fields expected [2] but found [3]
	at com.dsalgo.testcases.RegisterTest.registerUser_With_invalidDetails_With_Onlynumbersin_Passwd(RegisterTest.java:105)
	at java.util.ArrayList.forEach(ArrayList.java:1259)
... Removed 32 stack frames</div></td></tr></table><p class="totop"><a href="#summary">back to summary</a></p>
<h3 id="m4">com.dsalgo.testcases.DataStructureTest#click_Getstarted_below_DataStructureTest</h3><table class="result"><tr><th class="invisible"/></tr></table><p class="totop"><a href="#summary">back to summary</a></p>
<h3 id="m5">com.dsalgo.testcases.DataStructureTest#click_practiceQnsTest</h3><table class="result"><tr><th class="invisible"/></tr></table><p class="totop"><a href="#summary">back to summary</a></p>
<h3 id="m6">com.dsalgo.testcases.DataStructureTest#click_timeComplexityTest</h3><table class="result"><tr><th class="invisible"/></tr></table><p class="totop"><a href="#summary">back to summary</a></p>
<h3 id="m7">com.dsalgo.testcases.DataStructureTest#click_tryHereTest</h3><table class="result"><tr><th class="invisible"/></tr></table><p class="totop"><a href="#summary">back to summary</a></p>
<h3 id="m8">com.dsalgo.testcases.DataStructureTest#sendCodeTest</h3><table class="result"><tr><th class="invisible"/></tr></table><p class="totop"><a href="#summary">back to summary</a></p>
<h3 id="m9">com.dsalgo.testcases.DataStructureTest#signOut_from_dataStructurePage_Test</h3><table class="result"><tr><th class="invisible"/></tr></table><p class="totop"><a href="#summary">back to summary</a></p>
<h3 id="m10">com.dsalgo.testcases.HomeTest#clickRegbtnTest</h3><table class="result"><tr><th class="invisible"/></tr></table><p class="totop"><a href="#summary">back to summary</a></p>
<h3 id="m11">com.dsalgo.testcases.HomeTest#displaySignInTest</h3><table class="result"><tr><th class="invisible"/></tr></table><p class="totop"><a href="#summary">back to summary</a></p>
<h3 id="m12">com.dsalgo.testcases.HomeTest#getStartedFromDropDownTest</h3><table class="result"><tr><th class="invisible"/></tr></table><p class="totop"><a href="#summary">back to summary</a></p>
<h3 id="m13">com.dsalgo.testcases.HomeTest#getStartedFromPaneTest</h3><table class="result"><tr><th class="invisible"/></tr></table><p class="totop"><a href="#summary">back to summary</a></p>
<h3 id="m14">com.dsalgo.testcases.LinkedListTest#click_Getstarted_below_LinkedListTest</h3><table class="result"><tr><th class="invisible"/></tr></table><p class="totop"><a href="#summary">back to summary</a></p>
<h3 id="m15">com.dsalgo.testcases.LinkedListTest#click_Introduction_Test</h3><table class="result"><tr><th class="invisible"/></tr></table><p class="totop"><a href="#summary">back to summary</a></p>
<h3 id="m16">com.dsalgo.testcases.LinkedListTest#click_tryHere_Test</h3><table class="result"><tr><th class="invisible"/></tr></table><p class="totop"><a href="#summary">back to summary</a></p>
<h3 id="m17">com.dsalgo.testcases.LinkedListTest#sendCodeTest</h3><table class="result"><tr><th class="invisible"/></tr></table><p class="totop"><a href="#summary">back to summary</a></p>
<h3 id="m18">com.dsalgo.testcases.PortalTest#clickGetStartedTest</h3><table class="result"><tr><th class="invisible"/></tr></table><p class="totop"><a href="#summary">back to summary</a></p>
<h3 id="m19">com.dsalgo.testcases.RegisterTest#clickSignOutTest</h3><table class="result"><tr><th class="invisible"/></tr></table><p class="totop"><a href="#summary">back to summary</a></p>
<h3 id="m20">com.dsalgo.testcases.RegisterTest#registerUser_With_correct_user_passwd</h3><table class="result"><tr><th class="invisible"/></tr></table><p class="totop"><a href="#summary">back to summary</a></p>
<h3 id="m21">com.dsalgo.testcases.RegisterTest#registerUser_With_invalidDetailsWith_No_PasswdTest</h3><table class="result"><tr><th class="invisible"/></tr></table><p class="totop"><a href="#summary">back to summary</a></p>
<h3 id="m22">com.dsalgo.testcases.RegisterTest#registerUser_With_invalidDetails_With_No_confirmPasswdTest</h3><table class="result"><tr><th class="invisible"/></tr></table><p class="totop"><a href="#summary">back to summary</a></p>
<h3 id="m23">com.dsalgo.testcases.RegisterTest#registerUser_With_invalidDetails_With_diffPasswd</h3><table class="result"><tr><th class="invisible"/></tr></table><p class="totop"><a href="#summary">back to summary</a></p>
<h3 id="m24">com.dsalgo.testcases.RegisterTest#registerUser_With_invalidDetails_With_emptyFieldTest</h3><table class="result"><tr><th class="invisible"/></tr></table><p class="totop"><a href="#summary">back to summary</a></p>
<h3 id="m25">com.dsalgo.testcases.RegisterTest#registerUser_With_invalidDetails_With_invalid_userName</h3><table class="result"><tr><th class="invisible"/></tr></table><p class="totop"><a href="#summary">back to summary</a></p>
<h3 id="m26">com.dsalgo.testcases.RegisterTest#registerUser_With_invalidDetails_With_lessthan8characters_fPasswd</h3><table class="result"><tr><th class="invisible"/></tr></table><p class="totop"><a href="#summary">back to summary</a></p>
<h3 id="m27">com.dsalgo.testcases.SignInTest#signIn_User_With_invalid_Username_Password_Test</h3><table class="result"><tr><th class="invisible"/></tr></table><p class="totop"><a href="#summary">back to summary</a></p>
<h3 id="m28">com.dsalgo.testcases.SignInTest#signIn_User_With_noPasswd_Test</h3><table class="result"><tr><th class="invisible"/></tr></table><p class="totop"><a href="#summary">back to summary</a></p>
<h3 id="m29">com.dsalgo.testcases.SignInTest#signIn_User_With_noUname_Test</h3><table class="result"><tr><th class="invisible"/></tr></table><p class="totop"><a href="#summary">back to summary</a></p>
<h3 id="m30">com.dsalgo.testcases.SignInTest#signIn_User_With_no_userpasswordTest</h3><table class="result"><tr><th class="invisible"/></tr></table><p class="totop"><a href="#summary">back to summary</a></p>
<h3 id="m31">com.dsalgo.testcases.SignInTest#signIn_User_With_valid_uName_Password_Test</h3><table class="result"><tr><th class="invisible"/></tr></table><p class="totop"><a href="#summary">back to summary</a></p>
<h3 id="m32">com.dsalgo.testcases.SignInTest#signOut_fromSigninPage_Test</h3><table class="result"><tr><th class="invisible"/></tr></table><p class="totop"><a href="#summary">back to summary</a></p>
</body>
</html>
