<?xml version="1.0" encoding="UTF-8"?>
<!-- Generated by org.testng.reporters.JUnitReportReporter -->
<testsuite skipped="0" hostname="unknown40163ba3e049.attlocal.net" name="com.dsalgo.testcases.RegisterTest" tests="9" failures="1" timestamp="2022-09-16T15:06:03 CDT" time="34.713" errors="0">
  <testcase name="registerUser_With_invalidDetails_With_emptyFieldTest" time="5.945" classname="com.dsalgo.testcases.RegisterTest"/>
  <system-out/>
  <testcase name="registerUser_With_invalidDetailsWith_No_PasswdTest" time="1.361" classname="com.dsalgo.testcases.RegisterTest"/>
  <system-out/>
  <testcase name="registerUser_With_invalidDetails_With_No_confirmPasswdTest" time="2.346" classname="com.dsalgo.testcases.RegisterTest"/>
  <system-out/>
  <testcase name="registerUser_With_invalidDetails_With_invalid_userName" time="3.471" classname="com.dsalgo.testcases.RegisterTest"/>
  <system-out/>
  <testcase name="registerUser_With_invalidDetails_With_diffPasswd" time="4.527" classname="com.dsalgo.testcases.RegisterTest"/>
  <system-out/>
  <testcase name="registerUser_With_invalidDetails_With_lessthan8characters_fPasswd" time="4.574" classname="com.dsalgo.testcases.RegisterTest"/>
  <system-out/>
  <testcase name="registerUser_With_invalidDetails_With_Onlynumbersin_Passwd" time="4.466" classname="com.dsalgo.testcases.RegisterTest">
    <failure type="java.lang.AssertionError" message="Register user worked without mandatory fields expected [2] but found [3]">
      <![CDATA[java.lang.AssertionError: Register user worked without mandatory fields expected [2] but found [3]
at org.testng.Assert.fail(Assert.java:99)
at org.testng.Assert.failNotEquals(Assert.java:1037)
at org.testng.Assert.assertEqualsImpl(Assert.java:140)
at org.testng.Assert.assertEquals(Assert.java:122)
at org.testng.Assert.assertEquals(Assert.java:907)
at com.dsalgo.testcases.RegisterTest.registerUser_With_invalidDetails_With_Onlynumbersin_Passwd(RegisterTest.java:105)
at sun.reflect.NativeMethodAccessorImpl.invoke0(Native Method)
at sun.reflect.NativeMethodAccessorImpl.invoke(NativeMethodAccessorImpl.java:62)
at sun.reflect.DelegatingMethodAccessorImpl.invoke(DelegatingMethodAccessorImpl.java:43)
at java.lang.reflect.Method.invoke(Method.java:498)
at org.testng.internal.MethodInvocationHelper.invokeMethod(MethodInvocationHelper.java:133)
at org.testng.internal.TestInvoker.invokeMethod(TestInvoker.java:598)
at org.testng.internal.TestInvoker.invokeTestMethod(TestInvoker.java:173)
at org.testng.internal.MethodRunner.runInSequence(MethodRunner.java:46)
at org.testng.internal.TestInvoker$MethodInvocationAgent.invoke(TestInvoker.java:824)
at org.testng.internal.TestInvoker.invokeTestMethods(TestInvoker.java:146)
at org.testng.internal.TestMethodWorker.invokeTestMethods(TestMethodWorker.java:146)
at org.testng.internal.TestMethodWorker.run(TestMethodWorker.java:128)
at java.util.ArrayList.forEach(ArrayList.java:1259)
at org.testng.TestRunner.privateRun(TestRunner.java:794)
at org.testng.TestRunner.run(TestRunner.java:596)
at org.testng.SuiteRunner.runTest(SuiteRunner.java:377)
at org.testng.SuiteRunner.runSequentially(SuiteRunner.java:371)
at org.testng.SuiteRunner.privateRun(SuiteRunner.java:332)
at org.testng.SuiteRunner.run(SuiteRunner.java:276)
at org.testng.SuiteRunnerWorker.runSuite(SuiteRunnerWorker.java:53)
at org.testng.SuiteRunnerWorker.run(SuiteRunnerWorker.java:96)
at org.testng.TestNG.runSuitesSequentially(TestNG.java:1212)
at org.testng.TestNG.runSuitesLocally(TestNG.java:1134)
at org.testng.TestNG.runSuites(TestNG.java:1063)
at org.testng.TestNG.run(TestNG.java:1031)
at org.testng.remote.AbstractRemoteTestNG.run(AbstractRemoteTestNG.java:115)
at org.testng.remote.RemoteTestNG.initAndRun(RemoteTestNG.java:251)
at org.testng.remote.RemoteTestNG.main(RemoteTestNG.java:77)
]]>
    </failure>
  </testcase> <!-- registerUser_With_invalidDetails_With_Onlynumbersin_Passwd -->
  <system-out/>
  <testcase name="registerUser_With_correct_user_passwd" time="5.729" classname="com.dsalgo.testcases.RegisterTest"/>
  <system-out/>
  <testcase name="clickSignOutTest" time="2.294" classname="com.dsalgo.testcases.RegisterTest"/>
  <system-out/>
</testsuite> <!-- com.dsalgo.testcases.RegisterTest -->
